Build started 2015-05-30 20:50:48.
     1>Project "C:\Users\ASUS\Desktop\Pr_III\Pr_III\Pr_III.vcxproj" on node 2 (Build target(s)).
     1>ClCompile:
         D:\Programy\Visual Studio\VC\bin\CL.exe /c /ZI /nologo /W3 /WX- /sdl /Od /Oy- /D WIN32 /D _DEBUG /D _CONSOLE /D _LIB /D _UNICODE /D UNICODE /Gm /EHsc /RTC1 /MDd /GS /fp:precise /Zc:wchar_t /Zc:forScope /Yu"stdafx.h" /Fp"Debug\Pr_III.pch" /Fo"Debug\\" /Fd"Debug\vc120.pdb" /Gd /TP /analyze- /errorReport:prompt Pr_III.cpp
         Pr_III.cpp
       Link:
         D:\Programy\Visual Studio\VC\bin\link.exe /ERRORREPORT:PROMPT /OUT:"C:\Users\ASUS\Desktop\Pr_III\Debug\Pr_III.exe" /INCREMENTAL /NOLOGO kernel32.lib user32.lib gdi32.lib winspool.lib comdlg32.lib advapi32.lib shell32.lib ole32.lib oleaut32.lib uuid.lib odbc32.lib odbccp32.lib /MANIFEST /MANIFESTUAC:"level='asInvoker' uiAccess='false'" /manifest:embed /DEBUG /PDB:"C:\Users\ASUS\Desktop\Pr_III\Debug\Pr_III.pdb" /SUBSYSTEM:CONSOLE /TLBID:1 /DYNAMICBASE /NXCOMPAT /IMPLIB:"C:\Users\ASUS\Desktop\Pr_III\Debug\Pr_III.lib" /MACHINE:X86 Debug\Pr_III.obj
         Debug\stdafx.obj
     1>Pr_III.obj : error LNK2019: unresolved external symbol _GdiplusStartup@12 referenced in function _main
     1>Pr_III.obj : error LNK2019: unresolved external symbol _GdiplusShutdown@4 referenced in function _main
     1>C:\Users\ASUS\Desktop\Pr_III\Debug\Pr_III.exe : fatal error LNK1120: 2 unresolved externals
     1>Done Building Project "C:\Users\ASUS\Desktop\Pr_III\Pr_III\Pr_III.vcxproj" (Build target(s)) -- FAILED.

Build FAILED.

Time Elapsed 00:00:00.44
